<?xml version="1.0" encoding="UTF-8"?>
<testsuite name="com.example.miu_mobile_assignemnt.BookTest" tests="1" skipped="0" failures="0" errors="0" timestamp="2023-11-04T02:36:04" hostname="Orgilbats-MacBook-Pro.local" time="0.001">
  <properties/>
  <testcase name="testRead" classname="com.example.miu_mobile_assignemnt.BookTest" time="0.001"/>
  <system-out><![CDATA[]]></system-out>
  <system-err><![CDATA[]]></system-err>
</testsuite>
