<?xml version='1.0' encoding='UTF-8' ?>
<testsuite name="com.example.miu_mobile_assignemnt.EBookTest" tests="3" failures="0" errors="0" skipped="0" time="0.664" timestamp="2023-10-29T18:43:33" hostname="localhost">
  <properties>
    <property name="device" value="Pixel_5_API_32(AVD) - 12" />
    <property name="flavor" value="" />
    <property name="project" value="app" />
  </properties>
  <testcase name="testGetFileType" classname="com.example.miu_mobile_assignemnt.EBookTest" time="0.014" />
  <testcase name="testRead" classname="com.example.miu_mobile_assignemnt.EBookTest" time="0.0" />
  <testcase name="testSetFileType" classname="com.example.miu_mobile_assignemnt.EBookTest" time="0.0" />
</testsuite>